<?xml version="1.0" encoding="UTF-8"?>
<testsuite xmlns:xsi="http://www.w3.org/2001/XMLSchema-instance" xsi:schemaLocation="https://maven.apache.org/surefire/maven-surefire-plugin/xsd/surefire-test-report.xsd" name="RepeatedTestDemo" time="0.253" tests="22" errors="0" skipped="0" failures="0">
  <properties>
[...]
</properties>
  <testcase name="repeatedTest[1]" classname="RepeatedTestDemo" time="0.091"/>
  <testcase name="repeatedTest[2]" classname="RepeatedTestDemo" time="0.003"/>
  <testcase name="repeatedTest[3]" classname="RepeatedTestDemo" time="0.004"/>
  <testcase name="repeatedTest[4]" classname="RepeatedTestDemo" time="0.004"/>
  <testcase name="repeatedTest[5]" classname="RepeatedTestDemo" time="0.007"/>
  <testcase name="repeatedTest[6]" classname="RepeatedTestDemo" time="0.001"/>
  <testcase name="repeatedTest[7]" classname="RepeatedTestDemo" time="0.002"/>
  <testcase name="repeatedTest[8]" classname="RepeatedTestDemo" time="0.001"/>
  <testcase name="repeatedTest[9]" classname="RepeatedTestDemo" time="0.004"/>
  <testcase name="repeatedTest[10]" classname="RepeatedTestDemo" time="0.003"/>
  <testcase name="repeatedTestInGerman[1]" classname="RepeatedTestDemo" time="0.005"/>
  <testcase name="repeatedTestInGerman[2]" classname="RepeatedTestDemo" time="0"/>
  <testcase name="repeatedTestInGerman[3]" classname="RepeatedTestDemo" time="0.004"/>
  <testcase name="repeatedTestInGerman[4]" classname="RepeatedTestDemo" time="0"/>
  <testcase name="repeatedTestInGerman[5]" classname="RepeatedTestDemo" time="0.001"/>
  <testcase name="repeatedTestWithRepetitionInfo{RepetitionInfo}[1]" classname="RepeatedTestDemo" time="0.007"/>
  <testcase name="repeatedTestWithRepetitionInfo{RepetitionInfo}[2]" classname="RepeatedTestDemo" time="0.002"/>
  <testcase name="repeatedTestWithRepetitionInfo{RepetitionInfo}[3]" classname="RepeatedTestDemo" time="0.002"/>
  <testcase name="repeatedTestWithRepetitionInfo{RepetitionInfo}[4]" classname="RepeatedTestDemo" time="0.002"/>
  <testcase name="repeatedTestWithRepetitionInfo{RepetitionInfo}[5]" classname="RepeatedTestDemo" time="0.002"/>
  <testcase name="customDisplayNameWithLongPattern{TestInfo}[1]" classname="RepeatedTestDemo" time="0.003"/>
  <testcase name="customDisplayName{TestInfo}[1]" classname="RepeatedTestDemo" time="0.002"/>
</testsuite>